<?xml version="1.0" encoding="UTF-8"?>
<testsuite xmlns:xsi="http://www.w3.org/2001/XMLSchema-instance" xsi:noNamespaceSchemaLocation="https://maven.apache.org/surefire/maven-surefire-plugin/xsd/surefire-test-report-3.0.xsd" version="3.0" name="com.juego.juego.JuegoLuchaTest" time="0.078" tests="3" errors="0" skipped="0" failures="0">
  <properties>
[...]
</properties>
  <testcase name="testEjecutarTurnoTerminaCuandoMuere" classname="com.juego.juego.JuegoLuchaTest" time="0.032">
    <system-out><![CDATA[⚔️  Guerrero creado: Fuerte [HP: 120/120]

═══════════════════════════════
         TURNO 1
═══════════════════════════════
Fuerte [HP: 120/120]
Débil [HP: 1/1]
───────────────────────────────
Fuerte usa ATAQUE FÍSICO sobre Débil causando 24 puntos de daño.

╔═══════════════════════════════╗
║         ¡BATALLA TERMINADA!   ║
╚═══════════════════════════════╝
🏆 Fuerte GANA con 120 HP restantes!
💀 Débil ha sido derrotado.
]]></system-out>
  </testcase>
  <testcase name="testEstadoInicial" classname="com.juego.juego.JuegoLuchaTest" time="0.001">
    <system-out><![CDATA[⚔️  Guerrero creado: P1 [HP: 120/120]
🧙 Mago creado: P2 [HP: 80/80]
]]></system-out>
  </testcase>
  <testcase name="testBatallaTerminaConUnGanador" classname="com.juego.juego.JuegoLuchaTest" time="0.024">
    <system-out><![CDATA[⚔️  Guerrero creado: Hulk [HP: 120/120]
🧙 Mago creado: Loki [HP: 80/80]

╔═══════════════════════════════╗
║     ¡QUE COMIENCE LA LUCHA!   ║
╚═══════════════════════════════╝
Hulk VS Loki

═══════════════════════════════
         TURNO 1
═══════════════════════════════
Hulk [HP: 120/120]
Loki [HP: 80/80]
───────────────────────────────
Hulk usa ATAQUE FÍSICO sobre Loki causando 22 puntos de daño.
Loki intenta un ATAQUE MÁGICO pero pierde la concentración. ¡Falla!

═══════════════════════════════
         TURNO 2
═══════════════════════════════
Hulk [HP: 120/120]
Loki [HP: 58/80]
───────────────────────────────
Hulk usa ATAQUE FÍSICO sobre Loki causando 10 puntos de daño.
Loki usa ATAQUE MÁGICO sobre Hulk causando 21 puntos de daño mágico. ✨

═══════════════════════════════
         TURNO 3
═══════════════════════════════
Hulk [HP: 99/120]
Loki [HP: 48/80]
───────────────────────────────
Hulk usa ATAQUE FÍSICO sobre Loki causando 18 puntos de daño.
Loki usa ATAQUE MÁGICO sobre Hulk causando 30 puntos de daño mágico. ✨

═══════════════════════════════
         TURNO 4
═══════════════════════════════
Hulk [HP: 69/120]
Loki [HP: 30/80]
───────────────────────────────
Hulk usa ATAQUE FÍSICO sobre Loki causando 15 puntos de daño.
Loki intenta un ATAQUE MÁGICO pero pierde la concentración. ¡Falla!

═══════════════════════════════
         TURNO 5
═══════════════════════════════
Hulk [HP: 69/120]
Loki [HP: 15/80]
───────────────────────────────
Hulk usa ATAQUE FÍSICO sobre Loki causando 27 puntos de daño.

╔═══════════════════════════════╗
║         ¡BATALLA TERMINADA!   ║
╚═══════════════════════════════╝
🏆 Hulk GANA con 69 HP restantes!
💀 Loki ha sido derrotado.
]]></system-out>
  </testcase>
</testsuite>