<?xml version="1.0" encoding="UTF-8"?>
<testsuite xmlns:xsi="http://www.w3.org/2001/XMLSchema-instance" xsi:noNamespaceSchemaLocation="https://maven.apache.org/surefire/maven-surefire-plugin/xsd/surefire-test-report-3.0.xsd" version="3.0" name="com.juego.patrones.EstrategiaAtaqueTest" time="0.104" tests="3" errors="0" skipped="0" failures="0">
  <properties>
[...]
</properties>
  <testcase name="testAtaqueCriticoRangoDano" classname="com.juego.patrones.EstrategiaAtaqueTest" time="0.038">
    <system-out><![CDATA[Atacante ataca a Obj causando 14 daño.
Atacante ⚡ GOLPE CRÍTICO ⚡ sobre Obj causando 16 daño (¡doble!)
Atacante ⚡ GOLPE CRÍTICO ⚡ sobre Obj causando 10 daño (¡doble!)
Atacante ⚡ GOLPE CRÍTICO ⚡ sobre Obj causando 14 daño (¡doble!)
Atacante ⚡ GOLPE CRÍTICO ⚡ sobre Obj causando 24 daño (¡doble!)
Atacante ataca a Obj causando 11 daño.
Atacante ⚡ GOLPE CRÍTICO ⚡ sobre Obj causando 24 daño (¡doble!)
Atacante ataca a Obj causando 13 daño.
Atacante ataca a Obj causando 6 daño.
Atacante ataca a Obj causando 8 daño.
Atacante ataca a Obj causando 14 daño.
Atacante ⚡ GOLPE CRÍTICO ⚡ sobre Obj causando 20 daño (¡doble!)
Atacante ataca a Obj causando 13 daño.
Atacante ⚡ GOLPE CRÍTICO ⚡ sobre Obj causando 14 daño (¡doble!)
Atacante ataca a Obj causando 7 daño.
Atacante ataca a Obj causando 5 daño.
Atacante ataca a Obj causando 13 daño.
Atacante ⚡ GOLPE CRÍTICO ⚡ sobre Obj causando 22 daño (¡doble!)
Atacante ⚡ GOLPE CRÍTICO ⚡ sobre Obj causando 28 daño (¡doble!)
Atacante ataca a Obj causando 7 daño.
Atacante ataca a Obj causando 6 daño.
Atacante ⚡ GOLPE CRÍTICO ⚡ sobre Obj causando 16 daño (¡doble!)
Atacante ⚡ GOLPE CRÍTICO ⚡ sobre Obj causando 28 daño (¡doble!)
Atacante ataca a Obj causando 15 daño.
Atacante ataca a Obj causando 7 daño.
Atacante ataca a Obj causando 10 daño.
Atacante ataca a Obj causando 14 daño.
Atacante ⚡ GOLPE CRÍTICO ⚡ sobre Obj causando 10 daño (¡doble!)
Atacante ataca a Obj causando 7 daño.
Atacante ataca a Obj causando 14 daño.
Atacante ataca a Obj causando 11 daño.
Atacante ataca a Obj causando 5 daño.
Atacante ⚡ GOLPE CRÍTICO ⚡ sobre Obj causando 26 daño (¡doble!)
Atacante ⚡ GOLPE CRÍTICO ⚡ sobre Obj causando 26 daño (¡doble!)
Atacante ataca a Obj causando 8 daño.
Atacante ⚡ GOLPE CRÍTICO ⚡ sobre Obj causando 20 daño (¡doble!)
Atacante ataca a Obj causando 7 daño.
Atacante ⚡ GOLPE CRÍTICO ⚡ sobre Obj causando 30 daño (¡doble!)
Atacante ⚡ GOLPE CRÍTICO ⚡ sobre Obj causando 14 daño (¡doble!)
Atacante ⚡ GOLPE CRÍTICO ⚡ sobre Obj causando 22 daño (¡doble!)
Atacante ataca a Obj causando 10 daño.
Atacante ⚡ GOLPE CRÍTICO ⚡ sobre Obj causando 30 daño (¡doble!)
Atacante ataca a Obj causando 13 daño.
Atacante ataca a Obj causando 8 daño.
Atacante ataca a Obj causando 13 daño.
Atacante ataca a Obj causando 8 daño.
Atacante ataca a Obj causando 11 daño.
Atacante ataca a Obj causando 7 daño.
Atacante ⚡ GOLPE CRÍTICO ⚡ sobre Obj causando 30 daño (¡doble!)
Atacante ataca a Obj causando 13 daño.
]]></system-out>
  </testcase>
  <testcase name="testAtaqueFisicoRangoDano" classname="com.juego.patrones.EstrategiaAtaqueTest" time="0.004">
    <system-out><![CDATA[Atacante usa ATAQUE FÍSICO sobre Obj causando 19 puntos de daño.
Atacante usa ATAQUE FÍSICO sobre Obj causando 21 puntos de daño.
Atacante usa ATAQUE FÍSICO sobre Obj causando 16 puntos de daño.
Atacante usa ATAQUE FÍSICO sobre Obj causando 14 puntos de daño.
Atacante usa ATAQUE FÍSICO sobre Obj causando 18 puntos de daño.
Atacante usa ATAQUE FÍSICO sobre Obj causando 21 puntos de daño.
Atacante usa ATAQUE FÍSICO sobre Obj causando 29 puntos de daño.
Atacante usa ATAQUE FÍSICO sobre Obj causando 12 puntos de daño.
Atacante usa ATAQUE FÍSICO sobre Obj causando 26 puntos de daño.
Atacante usa ATAQUE FÍSICO sobre Obj causando 10 puntos de daño.
Atacante usa ATAQUE FÍSICO sobre Obj causando 17 puntos de daño.
Atacante usa ATAQUE FÍSICO sobre Obj causando 19 puntos de daño.
Atacante usa ATAQUE FÍSICO sobre Obj causando 14 puntos de daño.
Atacante usa ATAQUE FÍSICO sobre Obj causando 28 puntos de daño.
Atacante usa ATAQUE FÍSICO sobre Obj causando 25 puntos de daño.
Atacante usa ATAQUE FÍSICO sobre Obj causando 27 puntos de daño.
Atacante usa ATAQUE FÍSICO sobre Obj causando 26 puntos de daño.
Atacante usa ATAQUE FÍSICO sobre Obj causando 13 puntos de daño.
Atacante usa ATAQUE FÍSICO sobre Obj causando 29 puntos de daño.
Atacante usa ATAQUE FÍSICO sobre Obj causando 18 puntos de daño.
Atacante usa ATAQUE FÍSICO sobre Obj causando 18 puntos de daño.
Atacante usa ATAQUE FÍSICO sobre Obj causando 17 puntos de daño.
Atacante usa ATAQUE FÍSICO sobre Obj causando 27 puntos de daño.
Atacante usa ATAQUE FÍSICO sobre Obj causando 21 puntos de daño.
Atacante usa ATAQUE FÍSICO sobre Obj causando 27 puntos de daño.
Atacante usa ATAQUE FÍSICO sobre Obj causando 23 puntos de daño.
Atacante usa ATAQUE FÍSICO sobre Obj causando 30 puntos de daño.
Atacante usa ATAQUE FÍSICO sobre Obj causando 10 puntos de daño.
Atacante usa ATAQUE FÍSICO sobre Obj causando 29 puntos de daño.
Atacante usa ATAQUE FÍSICO sobre Obj causando 26 puntos de daño.
]]></system-out>
  </testcase>
  <testcase name="testAtaqueMagicoRangoDano" classname="com.juego.patrones.EstrategiaAtaqueTest" time="0.033">
    <system-out><![CDATA[Atacante usa ATAQUE MÁGICO sobre Obj causando 17 puntos de daño mágico. ✨
Atacante usa ATAQUE MÁGICO sobre Obj causando 35 puntos de daño mágico. ✨
Atacante usa ATAQUE MÁGICO sobre Obj causando 23 puntos de daño mágico. ✨
Atacante intenta un ATAQUE MÁGICO pero pierde la concentración. ¡Falla!
Atacante intenta un ATAQUE MÁGICO pero pierde la concentración. ¡Falla!
Atacante usa ATAQUE MÁGICO sobre Obj causando 17 puntos de daño mágico. ✨
Atacante usa ATAQUE MÁGICO sobre Obj causando 36 puntos de daño mágico. ✨
Atacante usa ATAQUE MÁGICO sobre Obj causando 37 puntos de daño mágico. ✨
Atacante usa ATAQUE MÁGICO sobre Obj causando 30 puntos de daño mágico. ✨
Atacante intenta un ATAQUE MÁGICO pero pierde la concentración. ¡Falla!
Atacante usa ATAQUE MÁGICO sobre Obj causando 39 puntos de daño mágico. ✨
Atacante intenta un ATAQUE MÁGICO pero pierde la concentración. ¡Falla!
Atacante intenta un ATAQUE MÁGICO pero pierde la concentración. ¡Falla!
Atacante usa ATAQUE MÁGICO sobre Obj causando 16 puntos de daño mágico. ✨
Atacante intenta un ATAQUE MÁGICO pero pierde la concentración. ¡Falla!
Atacante usa ATAQUE MÁGICO sobre Obj causando 37 puntos de daño mágico. ✨
Atacante usa ATAQUE MÁGICO sobre Obj causando 45 puntos de daño mágico. ✨
Atacante usa ATAQUE MÁGICO sobre Obj causando 29 puntos de daño mágico. ✨
Atacante usa ATAQUE MÁGICO sobre Obj causando 35 puntos de daño mágico. ✨
Atacante usa ATAQUE MÁGICO sobre Obj causando 33 puntos de daño mágico. ✨
Atacante usa ATAQUE MÁGICO sobre Obj causando 15 puntos de daño mágico. ✨
Atacante usa ATAQUE MÁGICO sobre Obj causando 41 puntos de daño mágico. ✨
Atacante usa ATAQUE MÁGICO sobre Obj causando 43 puntos de daño mágico. ✨
Atacante intenta un ATAQUE MÁGICO pero pierde la concentración. ¡Falla!
Atacante usa ATAQUE MÁGICO sobre Obj causando 22 puntos de daño mágico. ✨
Atacante usa ATAQUE MÁGICO sobre Obj causando 25 puntos de daño mágico. ✨
Atacante usa ATAQUE MÁGICO sobre Obj causando 29 puntos de daño mágico. ✨
Atacante usa ATAQUE MÁGICO sobre Obj causando 41 puntos de daño mágico. ✨
Atacante usa ATAQUE MÁGICO sobre Obj causando 20 puntos de daño mágico. ✨
Atacante usa ATAQUE MÁGICO sobre Obj causando 34 puntos de daño mágico. ✨
Atacante intenta un ATAQUE MÁGICO pero pierde la concentración. ¡Falla!
Atacante intenta un ATAQUE MÁGICO pero pierde la concentración. ¡Falla!
Atacante usa ATAQUE MÁGICO sobre Obj causando 35 puntos de daño mágico. ✨
Atacante intenta un ATAQUE MÁGICO pero pierde la concentración. ¡Falla!
Atacante usa ATAQUE MÁGICO sobre Obj causando 42 puntos de daño mágico. ✨
Atacante usa ATAQUE MÁGICO sobre Obj causando 32 puntos de daño mágico. ✨
Atacante usa ATAQUE MÁGICO sobre Obj causando 43 puntos de daño mágico. ✨
Atacante usa ATAQUE MÁGICO sobre Obj causando 37 puntos de daño mágico. ✨
Atacante intenta un ATAQUE MÁGICO pero pierde la concentración. ¡Falla!
Atacante usa ATAQUE MÁGICO sobre Obj causando 18 puntos de daño mágico. ✨
Atacante intenta un ATAQUE MÁGICO pero pierde la concentración. ¡Falla!
Atacante usa ATAQUE MÁGICO sobre Obj causando 22 puntos de daño mágico. ✨
Atacante intenta un ATAQUE MÁGICO pero pierde la concentración. ¡Falla!
Atacante intenta un ATAQUE MÁGICO pero pierde la concentración. ¡Falla!
Atacante usa ATAQUE MÁGICO sobre Obj causando 34 puntos de daño mágico. ✨
Atacante usa ATAQUE MÁGICO sobre Obj causando 36 puntos de daño mágico. ✨
Atacante usa ATAQUE MÁGICO sobre Obj causando 25 puntos de daño mágico. ✨
Atacante usa ATAQUE MÁGICO sobre Obj causando 43 puntos de daño mágico. ✨
Atacante usa ATAQUE MÁGICO sobre Obj causando 22 puntos de daño mágico. ✨
Atacante usa ATAQUE MÁGICO sobre Obj causando 34 puntos de daño mágico. ✨
Atacante intenta un ATAQUE MÁGICO pero pierde la concentración. ¡Falla!
Atacante usa ATAQUE MÁGICO sobre Obj causando 36 puntos de daño mágico. ✨
Atacante usa ATAQUE MÁGICO sobre Obj causando 35 puntos de daño mágico. ✨
Atacante usa ATAQUE MÁGICO sobre Obj causando 21 puntos de daño mágico. ✨
Atacante usa ATAQUE MÁGICO sobre Obj causando 45 puntos de daño mágico. ✨
Atacante usa ATAQUE MÁGICO sobre Obj causando 15 puntos de daño mágico. ✨
Atacante usa ATAQUE MÁGICO sobre Obj causando 25 puntos de daño mágico. ✨
Atacante intenta un ATAQUE MÁGICO pero pierde la concentración. ¡Falla!
Atacante usa ATAQUE MÁGICO sobre Obj causando 43 puntos de daño mágico. ✨
Atacante intenta un ATAQUE MÁGICO pero pierde la concentración. ¡Falla!
Atacante usa ATAQUE MÁGICO sobre Obj causando 21 puntos de daño mágico. ✨
Atacante intenta un ATAQUE MÁGICO pero pierde la concentración. ¡Falla!
Atacante intenta un ATAQUE MÁGICO pero pierde la concentración. ¡Falla!
Atacante usa ATAQUE MÁGICO sobre Obj causando 25 puntos de daño mágico. ✨
Atacante usa ATAQUE MÁGICO sobre Obj causando 38 puntos de daño mágico. ✨
Atacante usa ATAQUE MÁGICO sobre Obj causando 28 puntos de daño mágico. ✨
Atacante intenta un ATAQUE MÁGICO pero pierde la concentración. ¡Falla!
Atacante usa ATAQUE MÁGICO sobre Obj causando 38 puntos de daño mágico. ✨
Atacante intenta un ATAQUE MÁGICO pero pierde la concentración. ¡Falla!
Atacante usa ATAQUE MÁGICO sobre Obj causando 34 puntos de daño mágico. ✨
Atacante usa ATAQUE MÁGICO sobre Obj causando 27 puntos de daño mágico. ✨
Atacante usa ATAQUE MÁGICO sobre Obj causando 33 puntos de daño mágico. ✨
Atacante usa ATAQUE MÁGICO sobre Obj causando 23 puntos de daño mágico. ✨
Atacante usa ATAQUE MÁGICO sobre Obj causando 24 puntos de daño mágico. ✨
Atacante intenta un ATAQUE MÁGICO pero pierde la concentración. ¡Falla!
Atacante intenta un ATAQUE MÁGICO pero pierde la concentración. ¡Falla!
Atacante usa ATAQUE MÁGICO sobre Obj causando 20 puntos de daño mágico. ✨
Atacante usa ATAQUE MÁGICO sobre Obj causando 34 puntos de daño mágico. ✨
Atacante intenta un ATAQUE MÁGICO pero pierde la concentración. ¡Falla!
Atacante usa ATAQUE MÁGICO sobre Obj causando 19 puntos de daño mágico. ✨
Atacante usa ATAQUE MÁGICO sobre Obj causando 36 puntos de daño mágico. ✨
Atacante usa ATAQUE MÁGICO sobre Obj causando 41 puntos de daño mágico. ✨
Atacante usa ATAQUE MÁGICO sobre Obj causando 45 puntos de daño mágico. ✨
Atacante usa ATAQUE MÁGICO sobre Obj causando 18 puntos de daño mágico. ✨
Atacante usa ATAQUE MÁGICO sobre Obj causando 19 puntos de daño mágico. ✨
Atacante usa ATAQUE MÁGICO sobre Obj causando 23 puntos de daño mágico. ✨
Atacante usa ATAQUE MÁGICO sobre Obj causando 20 puntos de daño mágico. ✨
Atacante usa ATAQUE MÁGICO sobre Obj causando 41 puntos de daño mágico. ✨
Atacante usa ATAQUE MÁGICO sobre Obj causando 43 puntos de daño mágico. ✨
Atacante usa ATAQUE MÁGICO sobre Obj causando 36 puntos de daño mágico. ✨
Atacante usa ATAQUE MÁGICO sobre Obj causando 31 puntos de daño mágico. ✨
Atacante intenta un ATAQUE MÁGICO pero pierde la concentración. ¡Falla!
Atacante intenta un ATAQUE MÁGICO pero pierde la concentración. ¡Falla!
Atacante usa ATAQUE MÁGICO sobre Obj causando 29 puntos de daño mágico. ✨
Atacante intenta un ATAQUE MÁGICO pero pierde la concentración. ¡Falla!
Atacante intenta un ATAQUE MÁGICO pero pierde la concentración. ¡Falla!
Atacante intenta un ATAQUE MÁGICO pero pierde la concentración. ¡Falla!
Atacante usa ATAQUE MÁGICO sobre Obj causando 45 puntos de daño mágico. ✨
Atacante usa ATAQUE MÁGICO sobre Obj causando 24 puntos de daño mágico. ✨
Atacante usa ATAQUE MÁGICO sobre Obj causando 32 puntos de daño mágico. ✨
]]></system-out>
  </testcase>
</testsuite>